  Building Custom Rule D:/sdk/libwebp-master/CMakeLists.txt
  CMake does not need to re-run because D:/sdk/libwebp-master/webp_js/CMakeFiles/generate.stamp is up-to-date.
cl : 命令行 warning D9002: 忽略未知选项“-g”
  alpha_processing.c
D:\sdk\libwebp-master\src\dsp\alpha_processing.c(151): warning C4244: “函数”: 从“const uint32_t”转换到“uint8_t”，可能丢失数据
D:\sdk\libwebp-master\src\dsp\alpha_processing.c(152): warning C4244: “函数”: 从“const uint32_t”转换到“uint8_t”，可能丢失数据
D:\sdk\libwebp-master\src\dsp\alpha_processing.c(153): warning C4244: “函数”: 从“const uint32_t”转换到“uint8_t”，可能丢失数据
D:\sdk\libwebp-master\src\dsp\alpha_processing.c(170): warning C4242: “=”: 从“uint32_t”转换到“uint8_t”，可能丢失数据
D:\sdk\libwebp-master\src\dsp\alpha_processing.c(234): warning C4244: “=”: 从“const uint32_t”转换到“uint8_t”，可能丢失数据
D:\sdk\libwebp-master\src\dsp\alpha_processing.c(235): warning C4244: “=”: 从“const uint32_t”转换到“uint8_t”，可能丢失数据
D:\sdk\libwebp-master\src\dsp\alpha_processing.c(236): warning C4244: “=”: 从“const uint32_t”转换到“uint8_t”，可能丢失数据
D:\sdk\libwebp-master\src\dsp\alpha_processing.c(259): warning C4244: “return”: 从“uint32_t”转换到“uint8_t”，可能丢失数据
D:\sdk\libwebp-master\src\dsp\alpha_processing.c(272): warning C4242: “函数”: 从“const uint32_t”转换到“uint8_t”，可能丢失数据
D:\sdk\libwebp-master\src\dsp\alpha_processing.c(273): warning C4242: “函数”: 从“const uint32_t”转换到“uint8_t”，可能丢失数据
D:\sdk\libwebp-master\src\dsp\alpha_processing.c(274): warning C4242: “函数”: 从“const uint32_t”转换到“uint8_t”，可能丢失数据
D:\sdk\libwebp-master\src\dsp\alpha_processing.c(302): warning C4242: “=”: 从“const uint32_t”转换到“uint8_t”，可能丢失数据
D:\sdk\libwebp-master\src\dsp\alpha_processing.c(345): warning C4244: “=”: 从“const uint32_t”转换到“uint8_t”，可能丢失数据
  cpu.c
C:\Program Files (x86)\Microsoft Visual Studio\2017\Community\VC\Tools\MSVC\14.16.27023\include\smmintrin.h(82): warning C4668: 没有将“__cplusplus”定义为预处理器宏，用“0”替换“#if/#elif”
C:\Program Files (x86)\Microsoft Visual Studio\2017\Community\VC\Tools\MSVC\14.16.27023\include\nmmintrin.h(35): warning C4668: 没有将“__cplusplus”定义为预处理器宏，用“0”替换“#if/#elif”
C:\Program Files (x86)\Microsoft Visual Studio\2017\Community\VC\Tools\MSVC\14.16.27023\include\wmmintrin.h(34): warning C4668: 没有将“__cplusplus”定义为预处理器宏，用“0”替换“#if/#elif”
C:\Program Files (x86)\Microsoft Visual Studio\2017\Community\VC\Tools\MSVC\14.16.27023\include\ammintrin.h(251): warning C4255: “__slwpcb”: 未给出函数原型: 将“()”转换为“(void)”
  dec.c
D:\sdk\libwebp-master\src/utils/bit_reader_utils.h(147): warning C4820: “<anonymous-tag>”:“4”字节填充添加在 数据成员“eos_”后
D:\sdk\libwebp-master\src/utils/huffman_utils.h(35): warning C4820: “<anonymous-tag>”:“1”字节填充添加在 数据成员“bits”后
D:\sdk\libwebp-master\src/dec/vp8li_dec.h(71): warning C4820: “VP8LDecoder”:“4”字节填充添加在 数据成员“incremental_”后
D:\sdk\libwebp-master\src/dec/vp8i_dec.h(74): warning C4820: “<anonymous-tag>”:“1”字节填充添加在 数据成员“show_”后
D:\sdk\libwebp-master\src/dec/vp8i_dec.h(107): warning C4820: “<anonymous-tag>”:“1”字节填充添加在 数据成员“bands_”后
D:\sdk\libwebp-master\src/dec/vp8i_dec.h(157): warning C4820: “<anonymous-tag>”:“2”字节填充添加在 数据成员“uvmode_”后
D:\sdk\libwebp-master\src/dec/vp8i_dec.h(162): warning C4820: “<anonymous-tag>”:“1”字节填充添加在 数据成员“segment_”后
D:\sdk\libwebp-master\src/dec/vp8i_dec.h(229): warning C4820: “VP8Decoder”:“3”字节填充添加在 数据成员“skip_p_”后
C:\Program Files (x86)\Microsoft Visual Studio\2017\Community\VC\Tools\MSVC\14.16.27023\include\smmintrin.h(82): warning C4668: 没有将“__cplusplus”定义为预处理器宏，用“0”替换“#if/#elif”
C:\Program Files (x86)\Microsoft Visual Studio\2017\Community\VC\Tools\MSVC\14.16.27023\include\nmmintrin.h(35): warning C4668: 没有将“__cplusplus”定义为预处理器宏，用“0”替换“#if/#elif”
C:\Program Files (x86)\Microsoft Visual Studio\2017\Community\VC\Tools\MSVC\14.16.27023\include\wmmintrin.h(34): warning C4668: 没有将“__cplusplus”定义为预处理器宏，用“0”替换“#if/#elif”
C:\Program Files (x86)\Microsoft Visual Studio\2017\Community\VC\Tools\MSVC\14.16.27023\include\ammintrin.h(251): warning C4255: “__slwpcb”: 未给出函数原型: 将“()”转换为“(void)”
D:\sdk\libwebp-master\src\dsp\dec.c(23): warning C4244: “return”: 从“int”转换到“uint8_t”，可能丢失数据
D:\sdk\libwebp-master\src\dsp\dec.c(156): warning C4244: “=”: 从“const int”转换到“int16_t”，可能丢失数据
D:\sdk\libwebp-master\src\dsp\dec.c(157): warning C4244: “=”: 从“const int”转换到“int16_t”，可能丢失数据
D:\sdk\libwebp-master\src\dsp\dec.c(158): warning C4244: “=”: 从“const int”转换到“int16_t”，可能丢失数据
D:\sdk\libwebp-master\src\dsp\dec.c(159): warning C4244: “=”: 从“const int”转换到“int16_t”，可能丢失数据
D:\sdk\libwebp-master\src\dsp\dec.c(258): warning C4204: 使用了非标准扩展: 非常量聚合初始值设定项
D:\sdk\libwebp-master\src\dsp\dec.c(339): warning C4244: “=”: 从“int”转换到“uint8_t”，可能丢失数据
D:\sdk\libwebp-master\src\dsp\dec.c(340): warning C4244: “=”: 从“int”转换到“uint8_t”，可能丢失数据
D:\sdk\libwebp-master\src\dsp\dec.c(341): warning C4244: “=”: 从“int”转换到“uint8_t”，可能丢失数据
D:\sdk\libwebp-master\src\dsp\dec.c(342): warning C4244: “=”: 从“int”转换到“uint8_t”，可能丢失数据
D:\sdk\libwebp-master\src\dsp\dec.c(361): warning C4244: “=”: 从“int”转换到“uint8_t”，可能丢失数据
D:\sdk\libwebp-master\src\dsp\dec.c(362): warning C4244: “=”: 从“int”转换到“uint8_t”，可能丢失数据
D:\sdk\libwebp-master\src\dsp\dec.c(363): warning C4244: “=”: 从“int”转换到“uint8_t”，可能丢失数据
D:\sdk\libwebp-master\src\dsp\dec.c(364): warning C4244: “=”: 从“int”转换到“uint8_t”，可能丢失数据
D:\sdk\libwebp-master\src\dsp\dec.c(379): warning C4244: “=”: 从“int”转换到“uint8_t”，可能丢失数据
D:\sdk\libwebp-master\src\dsp\dec.c(380): warning C4244: “=”: 从“int”转换到“uint8_t”，可能丢失数据
D:\sdk\libwebp-master\src\dsp\dec.c(381): warning C4244: “=”: 从“int”转换到“uint8_t”，可能丢失数据
D:\sdk\libwebp-master\src\dsp\dec.c(386): warning C4242: “=”: 从“const int”转换到“uint8_t”，可能丢失数据
D:\sdk\libwebp-master\src\dsp\dec.c(399): warning C4244: “=”: 从“int”转换到“uint8_t”，可能丢失数据
D:\sdk\libwebp-master\src\dsp\dec.c(400): warning C4244: “=”: 从“int”转换到“uint8_t”，可能丢失数据
D:\sdk\libwebp-master\src\dsp\dec.c(401): warning C4244: “=”: 从“int”转换到“uint8_t”，可能丢失数据
D:\sdk\libwebp-master\src\dsp\dec.c(402): warning C4244: “=”: 从“int”转换到“uint8_t”，可能丢失数据
D:\sdk\libwebp-master\src\dsp\dec.c(451): warning C4244: “函数”: 从“int”转换到“uint8_t”，可能丢失数据
D:\sdk\libwebp-master\src\dsp\dec.c(460): warning C4244: “函数”: 从“int”转换到“uint8_t”，可能丢失数据
D:\sdk\libwebp-master\src\dsp\dec.c(469): warning C4244: “函数”: 从“int”转换到“uint8_t”，可能丢失数据
  dec_clip_tables.c
  filters.c
  lossless.c
D:\sdk\libwebp-master\src/utils/bit_reader_utils.h(147): warning C4820: “<anonymous-tag>”:“4”字节填充添加在 数据成员“eos_”后
D:\sdk\libwebp-master\src/utils/huffman_utils.h(35): warning C4820: “<anonymous-tag>”:“1”字节填充添加在 数据成员“bits”后
D:\sdk\libwebp-master\src/dec/vp8li_dec.h(71): warning C4820: “VP8LDecoder”:“4”字节填充添加在 数据成员“incremental_”后
D:\sdk\libwebp-master\src/enc/backward_references_enc.h(42): warning C4820: “<anonymous-tag>”:“1”字节填充添加在 数据成员“mode”后
D:\sdk\libwebp-master\src/enc/histogram_enc.h(43): warning C4820: “<anonymous-tag>”:“4”字节填充添加在 数据成员“trivial_symbol_”后
D:\sdk\libwebp-master\src/enc/histogram_enc.h(48): warning C4820: “<anonymous-tag>”:“3”字节填充添加在 数据成员“is_used_”后
C:\Program Files (x86)\Microsoft Visual Studio\2017\Community\VC\Tools\MSVC\14.16.27023\include\smmintrin.h(82): warning C4668: 没有将“__cplusplus”定义为预处理器宏，用“0”替换“#if/#elif”
C:\Program Files (x86)\Microsoft Visual Studio\2017\Community\VC\Tools\MSVC\14.16.27023\include\nmmintrin.h(35): warning C4668: 没有将“__cplusplus”定义为预处理器宏，用“0”替换“#if/#elif”
C:\Program Files (x86)\Microsoft Visual Studio\2017\Community\VC\Tools\MSVC\14.16.27023\include\wmmintrin.h(34): warning C4668: 没有将“__cplusplus”定义为预处理器宏，用“0”替换“#if/#elif”
C:\Program Files (x86)\Microsoft Visual Studio\2017\Community\VC\Tools\MSVC\14.16.27023\include\ammintrin.h(251): warning C4255: “__slwpcb”: 未给出函数原型: 将“()”转换为“(void)”
  rescaler.c
D:\sdk\libwebp-master\src\dsp\rescaler.c(181): warning C4242: “=”: 从“rescaler_t”转换到“uint8_t”，可能丢失数据
  upsampling.c
D:\sdk\libwebp-master\src/dsp/yuv.h(81): warning C4242: “=”: 从“int”转换到“uint8_t”，可能丢失数据
D:\sdk\libwebp-master\src/dsp/yuv.h(82): warning C4242: “=”: 从“int”转换到“uint8_t”，可能丢失数据
D:\sdk\libwebp-master\src/dsp/yuv.h(83): warning C4242: “=”: 从“int”转换到“uint8_t”，可能丢失数据
D:\sdk\libwebp-master\src/dsp/yuv.h(88): warning C4242: “=”: 从“int”转换到“uint8_t”，可能丢失数据
D:\sdk\libwebp-master\src/dsp/yuv.h(89): warning C4242: “=”: 从“int”转换到“uint8_t”，可能丢失数据
D:\sdk\libwebp-master\src/dsp/yuv.h(90): warning C4242: “=”: 从“int”转换到“uint8_t”，可能丢失数据
D:\sdk\libwebp-master\src/dsp/yuv.h(104): warning C4242: “=”: 从“const int”转换到“uint8_t”，可能丢失数据
D:\sdk\libwebp-master\src/dsp/yuv.h(105): warning C4242: “=”: 从“const int”转换到“uint8_t”，可能丢失数据
D:\sdk\libwebp-master\src/dsp/yuv.h(120): warning C4242: “=”: 从“const int”转换到“uint8_t”，可能丢失数据
D:\sdk\libwebp-master\src/dsp/yuv.h(121): warning C4242: “=”: 从“const int”转换到“uint8_t”，可能丢失数据
D:\sdk\libwebp-master\src\dsp\upsampling.c(97): warning C4244: “函数”: 从“const uint32_t”转换到“uint8_t”，可能丢失数据
D:\sdk\libwebp-master\src\dsp\upsampling.c(98): warning C4244: “函数”: 从“const uint32_t”转换到“uint8_t”，可能丢失数据
D:\sdk\libwebp-master\src\dsp\upsampling.c(100): warning C4244: “函数”: 从“const uint32_t”转换到“uint8_t”，可能丢失数据
  yuv.c
D:\sdk\libwebp-master\src/dsp/yuv.h(81): warning C4242: “=”: 从“int”转换到“uint8_t”，可能丢失数据
D:\sdk\libwebp-master\src/dsp/yuv.h(82): warning C4242: “=”: 从“int”转换到“uint8_t”，可能丢失数据
D:\sdk\libwebp-master\src/dsp/yuv.h(83): warning C4242: “=”: 从“int”转换到“uint8_t”，可能丢失数据
D:\sdk\libwebp-master\src/dsp/yuv.h(88): warning C4242: “=”: 从“int”转换到“uint8_t”，可能丢失数据
D:\sdk\libwebp-master\src/dsp/yuv.h(89): warning C4242: “=”: 从“int”转换到“uint8_t”，可能丢失数据
D:\sdk\libwebp-master\src/dsp/yuv.h(90): warning C4242: “=”: 从“int”转换到“uint8_t”，可能丢失数据
D:\sdk\libwebp-master\src/dsp/yuv.h(104): warning C4242: “=”: 从“const int”转换到“uint8_t”，可能丢失数据
D:\sdk\libwebp-master\src/dsp/yuv.h(105): warning C4242: “=”: 从“const int”转换到“uint8_t”，可能丢失数据
D:\sdk\libwebp-master\src/dsp/yuv.h(120): warning C4242: “=”: 从“const int”转换到“uint8_t”，可能丢失数据
D:\sdk\libwebp-master\src/dsp/yuv.h(121): warning C4242: “=”: 从“const int”转换到“uint8_t”，可能丢失数据
D:\sdk\libwebp-master\src\dsp\yuv.c(124): warning C4242: “=”: 从“int”转换到“uint8_t”，可能丢失数据
D:\sdk\libwebp-master\src\dsp\yuv.c(144): warning C4242: “=”: 从“const int”转换到“uint8_t”，可能丢失数据
D:\sdk\libwebp-master\src\dsp\yuv.c(145): warning C4242: “=”: 从“const int”转换到“uint8_t”，可能丢失数据
D:\sdk\libwebp-master\src\dsp\yuv.c(148): warning C4244: “=”: 从“int”转换到“uint8_t”，可能丢失数据
D:\sdk\libwebp-master\src\dsp\yuv.c(149): warning C4244: “=”: 从“int”转换到“uint8_t”，可能丢失数据
D:\sdk\libwebp-master\src\dsp\yuv.c(160): warning C4242: “=”: 从“const int”转换到“uint8_t”，可能丢失数据
D:\sdk\libwebp-master\src\dsp\yuv.c(161): warning C4242: “=”: 从“const int”转换到“uint8_t”，可能丢失数据
D:\sdk\libwebp-master\src\dsp\yuv.c(163): warning C4244: “=”: 从“int”转换到“uint8_t”，可能丢失数据
D:\sdk\libwebp-master\src\dsp\yuv.c(164): warning C4244: “=”: 从“int”转换到“uint8_t”，可能丢失数据
D:\sdk\libwebp-master\src\dsp\yuv.c(174): warning C4242: “=”: 从“int”转换到“uint8_t”，可能丢失数据
D:\sdk\libwebp-master\src\dsp\yuv.c(181): warning C4242: “=”: 从“int”转换到“uint8_t”，可能丢失数据
D:\sdk\libwebp-master\src\dsp\yuv.c(190): warning C4242: “=”: 从“int”转换到“uint8_t”，可能丢失数据
D:\sdk\libwebp-master\src\dsp\yuv.c(191): warning C4242: “=”: 从“int”转换到“uint8_t”，可能丢失数据
D:\sdk\libwebp-master\src\dsp\yuv.c(221): warning C4242: “+=”: 从“const int”转换到“int16_t”，可能丢失数据
  cost.c
D:\sdk\libwebp-master\src/utils/bit_writer_utils.h(135): warning C4127: 条件表达式是常量
C:\Program Files (x86)\Microsoft Visual Studio\2017\Community\VC\Tools\MSVC\14.16.27023\include\smmintrin.h(82): warning C4668: 没有将“__cplusplus”定义为预处理器宏，用“0”替换“#if/#elif”
C:\Program Files (x86)\Microsoft Visual Studio\2017\Community\VC\Tools\MSVC\14.16.27023\include\nmmintrin.h(35): warning C4668: 没有将“__cplusplus”定义为预处理器宏，用“0”替换“#if/#elif”
C:\Program Files (x86)\Microsoft Visual Studio\2017\Community\VC\Tools\MSVC\14.16.27023\include\wmmintrin.h(34): warning C4668: 没有将“__cplusplus”定义为预处理器宏，用“0”替换“#if/#elif”
C:\Program Files (x86)\Microsoft Visual Studio\2017\Community\VC\Tools\MSVC\14.16.27023\include\ammintrin.h(251): warning C4255: “__slwpcb”: 未给出函数原型: 将“()”转换为“(void)”
D:\sdk\libwebp-master\src/enc/vp8i_enc.h(179): warning C4820: “<anonymous-tag>”:“3”字节填充添加在 数据成员“alpha_”后
D:\sdk\libwebp-master\src/enc/vp8i_enc.h(204): warning C4820: “<anonymous-tag>”:“4”字节填充添加在 数据成员“lambda_trellis_uv_”后
D:\sdk\libwebp-master\src/enc/vp8i_enc.h(222): warning C4820: “<anonymous-tag>”:“6”字节填充添加在 数据成员“derr”后
D:\sdk\libwebp-master\src/enc/vp8i_enc.h(238): warning C4820: “<anonymous-tag>”:“3”字节填充添加在 数据成员“i4_boundary_”后
D:\sdk\libwebp-master\src/enc/vp8i_enc.h(242): warning C4820: “<anonymous-tag>”:“4”字节填充添加在 数据成员“left_nz_”后
D:\sdk\libwebp-master\src/enc/vp8i_enc.h(265): warning C4820: “<anonymous-tag>”:“1”字节填充添加在 数据成员“yuv_mem_”后
D:\sdk\libwebp-master\src\dsp\cost.c(331): warning C4242: “函数”: 从“const int”转换到“uint8_t”，可能丢失数据
D:\sdk\libwebp-master\src\dsp\cost.c(334): warning C4242: “函数”: 从“const int”转换到“uint8_t”，可能丢失数据
D:\sdk\libwebp-master\src\dsp\cost.c(351): warning C4242: “函数”: 从“const int”转换到“uint8_t”，可能丢失数据
  enc.c
D:\sdk\libwebp-master\src/utils/bit_writer_utils.h(135): warning C4127: 条件表达式是常量
C:\Program Files (x86)\Microsoft Visual Studio\2017\Community\VC\Tools\MSVC\14.16.27023\include\smmintrin.h(82): warning C4668: 没有将“__cplusplus”定义为预处理器宏，用“0”替换“#if/#elif”
C:\Program Files (x86)\Microsoft Visual Studio\2017\Community\VC\Tools\MSVC\14.16.27023\include\nmmintrin.h(35): warning C4668: 没有将“__cplusplus”定义为预处理器宏，用“0”替换“#if/#elif”
C:\Program Files (x86)\Microsoft Visual Studio\2017\Community\VC\Tools\MSVC\14.16.27023\include\wmmintrin.h(34): warning C4668: 没有将“__cplusplus”定义为预处理器宏，用“0”替换“#if/#elif”
C:\Program Files (x86)\Microsoft Visual Studio\2017\Community\VC\Tools\MSVC\14.16.27023\include\ammintrin.h(251): warning C4255: “__slwpcb”: 未给出函数原型: 将“()”转换为“(void)”
D:\sdk\libwebp-master\src/enc/vp8i_enc.h(179): warning C4820: “<anonymous-tag>”:“3”字节填充添加在 数据成员“alpha_”后
D:\sdk\libwebp-master\src/enc/vp8i_enc.h(204): warning C4820: “<anonymous-tag>”:“4”字节填充添加在 数据成员“lambda_trellis_uv_”后
D:\sdk\libwebp-master\src/enc/vp8i_enc.h(222): warning C4820: “<anonymous-tag>”:“6”字节填充添加在 数据成员“derr”后
D:\sdk\libwebp-master\src/enc/vp8i_enc.h(238): warning C4820: “<anonymous-tag>”:“3”字节填充添加在 数据成员“i4_boundary_”后
D:\sdk\libwebp-master\src/enc/vp8i_enc.h(242): warning C4820: “<anonymous-tag>”:“4”字节填充添加在 数据成员“left_nz_”后
D:\sdk\libwebp-master\src/enc/vp8i_enc.h(265): warning C4820: “<anonymous-tag>”:“1”字节填充添加在 数据成员“yuv_mem_”后
D:\sdk\libwebp-master\src\dsp\enc.c(21): warning C4244: “return”: 从“int”转换到“uint8_t”，可能丢失数据
D:\sdk\libwebp-master\src\dsp\enc.c(179): warning C4244: “=”: 从“int”转换到“int16_t”，可能丢失数据
D:\sdk\libwebp-master\src\dsp\enc.c(181): warning C4244: “=”: 从“int”转换到“int16_t”，可能丢失数据
D:\sdk\libwebp-master\src\dsp\enc.c(217): warning C4244: “=”: 从“const int”转换到“int16_t”，可能丢失数据
D:\sdk\libwebp-master\src\dsp\enc.c(218): warning C4244: “=”: 从“const int”转换到“int16_t”，可能丢失数据
D:\sdk\libwebp-master\src\dsp\enc.c(219): warning C4244: “=”: 从“const int”转换到“int16_t”，可能丢失数据
D:\sdk\libwebp-master\src\dsp\enc.c(220): warning C4244: “=”: 从“const int”转换到“int16_t”，可能丢失数据
D:\sdk\libwebp-master\src\dsp\enc.c(352): warning C4204: 使用了非标准扩展: 非常量聚合初始值设定项
D:\sdk\libwebp-master\src\dsp\enc.c(429): warning C4244: “=”: 从“int”转换到“uint8_t”，可能丢失数据
D:\sdk\libwebp-master\src\dsp\enc.c(430): warning C4244: “=”: 从“int”转换到“uint8_t”，可能丢失数据
D:\sdk\libwebp-master\src\dsp\enc.c(431): warning C4244: “=”: 从“int”转换到“uint8_t”，可能丢失数据
D:\sdk\libwebp-master\src\dsp\enc.c(432): warning C4244: “=”: 从“int”转换到“uint8_t”，可能丢失数据
D:\sdk\libwebp-master\src\dsp\enc.c(451): warning C4244: “=”: 从“int”转换到“uint8_t”，可能丢失数据
D:\sdk\libwebp-master\src\dsp\enc.c(452): warning C4244: “=”: 从“int”转换到“uint8_t”，可能丢失数据
D:\sdk\libwebp-master\src\dsp\enc.c(453): warning C4244: “=”: 从“int”转换到“uint8_t”，可能丢失数据
D:\sdk\libwebp-master\src\dsp\enc.c(454): warning C4244: “=”: 从“int”转换到“uint8_t”，可能丢失数据
D:\sdk\libwebp-master\src\dsp\enc.c(469): warning C4244: “=”: 从“int”转换到“uint8_t”，可能丢失数据
D:\sdk\libwebp-master\src\dsp\enc.c(470): warning C4244: “=”: 从“int”转换到“uint8_t”，可能丢失数据
D:\sdk\libwebp-master\src\dsp\enc.c(471): warning C4244: “=”: 从“int”转换到“uint8_t”，可能丢失数据
D:\sdk\libwebp-master\src\dsp\enc.c(476): warning C4242: “=”: 从“const int”转换到“uint8_t”，可能丢失数据
D:\sdk\libwebp-master\src\dsp\enc.c(489): warning C4244: “=”: 从“int”转换到“uint8_t”，可能丢失数据
D:\sdk\libwebp-master\src\dsp\enc.c(490): warning C4244: “=”: 从“int”转换到“uint8_t”，可能丢失数据
D:\sdk\libwebp-master\src\dsp\enc.c(491): warning C4244: “=”: 从“int”转换到“uint8_t”，可能丢失数据
D:\sdk\libwebp-master\src\dsp\enc.c(492): warning C4244: “=”: 从“int”转换到“uint8_t”，可能丢失数据
D:\sdk\libwebp-master\src\dsp\enc.c(668): warning C4244: “=”: 从“int”转换到“int16_t”，可能丢失数据
D:\sdk\libwebp-master\src\dsp\enc.c(669): warning C4242: “=”: 从“int”转换到“int16_t”，可能丢失数据
  lossless_enc.c
D:\sdk\libwebp-master\src/utils/bit_reader_utils.h(147): warning C4820: “<anonymous-tag>”:“4”字节填充添加在 数据成员“eos_”后
D:\sdk\libwebp-master\src/utils/huffman_utils.h(35): warning C4820: “<anonymous-tag>”:“1”字节填充添加在 数据成员“bits”后
D:\sdk\libwebp-master\src/dec/vp8li_dec.h(71): warning C4820: “VP8LDecoder”:“4”字节填充添加在 数据成员“incremental_”后
D:\sdk\libwebp-master\src/enc/backward_references_enc.h(42): warning C4820: “<anonymous-tag>”:“1”字节填充添加在 数据成员“mode”后
D:\sdk\libwebp-master\src/enc/histogram_enc.h(43): warning C4820: “<anonymous-tag>”:“4”字节填充添加在 数据成员“trivial_symbol_”后
D:\sdk\libwebp-master\src/enc/histogram_enc.h(48): warning C4820: “<anonymous-tag>”:“3”字节填充添加在 数据成员“is_used_”后
C:\Program Files (x86)\Microsoft Visual Studio\2017\Community\VC\Tools\MSVC\14.16.27023\include\smmintrin.h(82): warning C4668: 没有将“__cplusplus”定义为预处理器宏，用“0”替换“#if/#elif”
C:\Program Files (x86)\Microsoft Visual Studio\2017\Community\VC\Tools\MSVC\14.16.27023\include\nmmintrin.h(35): warning C4668: 没有将“__cplusplus”定义为预处理器宏，用“0”替换“#if/#elif”
C:\Program Files (x86)\Microsoft Visual Studio\2017\Community\VC\Tools\MSVC\14.16.27023\include\wmmintrin.h(34): warning C4668: 没有将“__cplusplus”定义为预处理器宏，用“0”替换“#if/#elif”
C:\Program Files (x86)\Microsoft Visual Studio\2017\Community\VC\Tools\MSVC\14.16.27023\include\ammintrin.h(251): warning C4255: “__slwpcb”: 未给出函数原型: 将“()”转换为“(void)”
D:\sdk\libwebp-master\src/dsp/yuv.h(81): warning C4242: “=”: 从“int”转换到“uint8_t”，可能丢失数据
D:\sdk\libwebp-master\src/dsp/yuv.h(82): warning C4242: “=”: 从“int”转换到“uint8_t”，可能丢失数据
D:\sdk\libwebp-master\src/dsp/yuv.h(83): warning C4242: “=”: 从“int”转换到“uint8_t”，可能丢失数据
D:\sdk\libwebp-master\src/dsp/yuv.h(88): warning C4242: “=”: 从“int”转换到“uint8_t”，可能丢失数据
D:\sdk\libwebp-master\src/dsp/yuv.h(89): warning C4242: “=”: 从“int”转换到“uint8_t”，可能丢失数据
D:\sdk\libwebp-master\src/dsp/yuv.h(90): warning C4242: “=”: 从“int”转换到“uint8_t”，可能丢失数据
D:\sdk\libwebp-master\src/dsp/yuv.h(104): warning C4242: “=”: 从“const int”转换到“uint8_t”，可能丢失数据
D:\sdk\libwebp-master\src/dsp/yuv.h(105): warning C4242: “=”: 从“const int”转换到“uint8_t”，可能丢失数据
D:\sdk\libwebp-master\src/dsp/yuv.h(120): warning C4242: “=”: 从“const int”转换到“uint8_t”，可能丢失数据
D:\sdk\libwebp-master\src/dsp/yuv.h(121): warning C4242: “=”: 从“const int”转换到“uint8_t”，可能丢失数据
D:\sdk\libwebp-master\src\dsp\lossless_enc.c(554): warning C4242: “-=”: 从“int”转换到“uint8_t”，可能丢失数据
D:\sdk\libwebp-master\src\dsp\lossless_enc.c(555): warning C4242: “-=”: 从“int”转换到“uint8_t”，可能丢失数据
  ssim.c
  正在生成代码...
d:\sdk\libwebp-master\src\dsp\ssim.c(109): warning C4711: 为自动内联扩展选定了函数“VP8SSIMFromStats”
d:\sdk\libwebp-master\src\dsp\ssim.c(90): warning C4711: 为自动内联扩展选定了函数“VP8SSIMFromStatsClipped”
d:\sdk\libwebp-master\src\dsp\ssim.c(142): warning C4711: 为自动内联扩展选定了函数“VP8SSIMDspInit_body”
d:\sdk\libwebp-master\src\dsp\lossless_common.h(90): warning C4738: 将 32 位浮点型结果存储在内存中，可能会降低性能
d:\sdk\libwebp-master\src\dsp\lossless_common.h(90): warning C4738: 将 32 位浮点型结果存储在内存中，可能会降低性能
d:\sdk\libwebp-master\src\dsp\lossless_enc.c(376): warning C4738: 将 32 位浮点型结果存储在内存中，可能会降低性能
d:\sdk\libwebp-master\src\dsp\lossless_enc.c(374): warning C4738: 将 32 位浮点型结果存储在内存中，可能会降低性能
d:\sdk\libwebp-master\src\dsp\lossless_enc.c(402): warning C4738: 将 32 位浮点型结果存储在内存中，可能会降低性能
d:\sdk\libwebp-master\src\dsp\lossless_enc.c(402): warning C4738: 将 32 位浮点型结果存储在内存中，可能会降低性能
d:\sdk\libwebp-master\src\dsp\lossless_enc.c(402): warning C4738: 将 32 位浮点型结果存储在内存中，可能会降低性能
d:\sdk\libwebp-master\src\dsp\lossless_enc.c(402): warning C4738: 将 32 位浮点型结果存储在内存中，可能会降低性能
d:\sdk\libwebp-master\src\dsp\lossless_enc.c(402): warning C4738: 将 32 位浮点型结果存储在内存中，可能会降低性能
d:\sdk\libwebp-master\src\dsp\lossless_common.h(90): warning C4738: 将 32 位浮点型结果存储在内存中，可能会降低性能
d:\sdk\libwebp-master\src\dsp\lossless_common.h(90): warning C4738: 将 32 位浮点型结果存储在内存中，可能会降低性能
d:\sdk\libwebp-master\src\dsp\lossless_common.h(90): warning C4738: 将 32 位浮点型结果存储在内存中，可能会降低性能
d:\sdk\libwebp-master\src\dsp\lossless_common.h(90): warning C4738: 将 32 位浮点型结果存储在内存中，可能会降低性能
d:\sdk\libwebp-master\src\dsp\lossless_common.h(90): warning C4738: 将 32 位浮点型结果存储在内存中，可能会降低性能
d:\sdk\libwebp-master\src\dsp\lossless_enc.c(417): warning C4711: 为自动内联扩展选定了函数“VP8LBitEntropyInit”
d:\sdk\libwebp-master\src\dsp\lossless_enc.c(454): warning C4738: 将 32 位浮点型结果存储在内存中，可能会降低性能
d:\sdk\libwebp-master\src\dsp\lossless_common.h(90): warning C4738: 将 32 位浮点型结果存储在内存中，可能会降低性能
d:\sdk\libwebp-master\src\dsp\lossless_enc.c(430): warning C4738: 将 32 位浮点型结果存储在内存中，可能会降低性能
d:\sdk\libwebp-master\src\dsp\lossless_enc.c(430): warning C4738: 将 32 位浮点型结果存储在内存中，可能会降低性能
d:\sdk\libwebp-master\src\dsp\lossless_common.h(90): warning C4738: 将 32 位浮点型结果存储在内存中，可能会降低性能
d:\sdk\libwebp-master\src\dsp\lossless_common.h(90): warning C4738: 将 32 位浮点型结果存储在内存中，可能会降低性能
d:\sdk\libwebp-master\src\dsp\lossless_enc.c(853): warning C4711: 为自动内联扩展选定了函数“Predictor2”
d:\sdk\libwebp-master\src\dsp\lossless_enc.c(854): warning C4711: 为自动内联扩展选定了函数“Predictor3”
d:\sdk\libwebp-master\src\dsp\lossless_enc.c(855): warning C4711: 为自动内联扩展选定了函数“Predictor4”
d:\sdk\libwebp-master\src\dsp\lossless_enc.c(488): warning C4711: 为自动内联扩展选定了函数“VP8LBitEntropyInit”
d:\sdk\libwebp-master\src\dsp\lossless_enc.c(465): warning C4711: 为自动内联扩展选定了函数“VP8LBitEntropyInit”
d:\sdk\libwebp-master\src\dsp\lossless_enc.c(857): warning C4711: 为自动内联扩展选定了函数“Predictor6”
d:\sdk\libwebp-master\src\dsp\lossless_enc.c(475): warning C4738: 将 32 位浮点型结果存储在内存中，可能会降低性能
d:\sdk\libwebp-master\src\dsp\lossless_enc.c(475): warning C4738: 将 32 位浮点型结果存储在内存中，可能会降低性能
d:\sdk\libwebp-master\src\dsp\lossless_enc.c(475): warning C4738: 将 32 位浮点型结果存储在内存中，可能会降低性能
d:\sdk\libwebp-master\src\dsp\lossless_common.h(90): warning C4738: 将 32 位浮点型结果存储在内存中，可能会降低性能
d:\sdk\libwebp-master\src\dsp\lossless_common.h(90): warning C4738: 将 32 位浮点型结果存储在内存中，可能会降低性能
d:\sdk\libwebp-master\src\dsp\lossless_common.h(90): warning C4738: 将 32 位浮点型结果存储在内存中，可能会降低性能
d:\sdk\libwebp-master\src\dsp\lossless_enc.c(858): warning C4711: 为自动内联扩展选定了函数“Predictor7”
d:\sdk\libwebp-master\src\dsp\lossless_enc.c(498): warning C4738: 将 32 位浮点型结果存储在内存中，可能会降低性能
d:\sdk\libwebp-master\src\dsp\lossless_enc.c(498): warning C4738: 将 32 位浮点型结果存储在内存中，可能会降低性能
d:\sdk\libwebp-master\src\dsp\lossless_enc.c(498): warning C4738: 将 32 位浮点型结果存储在内存中，可能会降低性能
d:\sdk\libwebp-master\src\dsp\lossless_common.h(90): warning C4738: 将 32 位浮点型结果存储在内存中，可能会降低性能
d:\sdk\libwebp-master\src\dsp\lossless_common.h(90): warning C4738: 将 32 位浮点型结果存储在内存中，可能会降低性能
d:\sdk\libwebp-master\src\dsp\lossless_common.h(90): warning C4738: 将 32 位浮点型结果存储在内存中，可能会降低性能
d:\sdk\libwebp-master\src\dsp\lossless_enc.c(859): warning C4711: 为自动内联扩展选定了函数“Predictor8”
d:\sdk\libwebp-master\src\dsp\lossless_enc.c(860): warning C4711: 为自动内联扩展选定了函数“Predictor9”
d:\sdk\libwebp-master\src\dsp\lossless_enc.c(856): warning C4711: 为自动内联扩展选定了函数“Predictor5”
d:\sdk\libwebp-master\src\dsp\lossless_enc.c(861): warning C4711: 为自动内联扩展选定了函数“Predictor10”
d:\sdk\libwebp-master\src\dsp\lossless_enc.c(862): warning C4711: 为自动内联扩展选定了函数“Predictor11”
d:\sdk\libwebp-master\src\dsp\lossless_enc.c(863): warning C4711: 为自动内联扩展选定了函数“Predictor12”
d:\sdk\libwebp-master\src\dsp\lossless_enc.c(864): warning C4711: 为自动内联扩展选定了函数“Predictor13”
d:\sdk\libwebp-master\src\dsp\enc.c(80): warning C4711: 为自动内联扩展选定了函数“VP8SetHistogramData”
d:\sdk\libwebp-master\src\dsp\enc.c(521): warning C4711: 为自动内联扩展选定了函数“DC4”
d:\sdk\libwebp-master\src\dsp\enc.c(522): warning C4711: 为自动内联扩展选定了函数“TM4”
d:\sdk\libwebp-master\src\dsp\enc.c(523): warning C4711: 为自动内联扩展选定了函数“VE4”
d:\sdk\libwebp-master\src\dsp\enc.c(524): warning C4711: 为自动内联扩展选定了函数“HE4”
d:\sdk\libwebp-master\src\dsp\enc.c(525): warning C4711: 为自动内联扩展选定了函数“RD4”
d:\sdk\libwebp-master\src\dsp\enc.c(526): warning C4711: 为自动内联扩展选定了函数“VR4”
d:\sdk\libwebp-master\src\dsp\enc.c(527): warning C4711: 为自动内联扩展选定了函数“LD4”
d:\sdk\libwebp-master\src\dsp\enc.c(528): warning C4711: 为自动内联扩展选定了函数“VL4”
d:\sdk\libwebp-master\src\dsp\enc.c(529): warning C4711: 为自动内联扩展选定了函数“HD4”
d:\sdk\libwebp-master\src\dsp\enc.c(530): warning C4711: 为自动内联扩展选定了函数“HU4”
d:\sdk\libwebp-master\src\dsp\enc.c(637): warning C4711: 为自动内联扩展选定了函数“Disto4x4_C”
d:\sdk\libwebp-master\src\dsp\enc.c(744): warning C4711: 为自动内联扩展选定了函数“InitTables”
d:\sdk\libwebp-master\src\dsp\enc.c(744): warning C4711: 为自动内联扩展选定了函数“InitTables”
d:\sdk\libwebp-master\src\dsp\enc.c(742): warning C4711: 为自动内联扩展选定了函数“VP8EncDspInit_body”
d:\sdk\libwebp-master\src\dsp\cost.c(348): warning C5045: 如果指定了 /Qspectre 开关，编译器会插入内存负载的 Spectre 缓解
  d:\sdk\libwebp-master\src\dsp\cost.c(347) : 注意: 在此行上通过对比检查索引 "n" 范围
  d:\sdk\libwebp-master\src\dsp\cost.c(350) : 注意: 此行上的源内存负载
d:\sdk\libwebp-master\src\dsp\cost.c(382): warning C4711: 为自动内联扩展选定了函数“VP8EncDspCostInit_body”
d:\sdk\libwebp-master\src\dsp\yuv.c(210): warning C4711: 为自动内联扩展选定了函数“clip_y”
d:\sdk\libwebp-master\src\dsp\yuv.c(231): warning C4711: 为自动内联扩展选定了函数“clip_y”
d:\sdk\libwebp-master\src\dsp\yuv.c(232): warning C4711: 为自动内联扩展选定了函数“clip_y”
d:\sdk\libwebp-master\src\dsp\yuv.c(263): warning C4711: 为自动内联扩展选定了函数“WebPInitConvertARGBToYUV_body”
d:\sdk\libwebp-master\src\dsp\yuv.c(78): warning C4711: 为自动内联扩展选定了函数“WebPInitSamplers_body”
d:\sdk\libwebp-master\src\dsp\upsampling.c(222): warning C4711: 为自动内联扩展选定了函数“WebPInitYUV444Converters_body”
d:\sdk\libwebp-master\src\dsp\upsampling.c(263): warning C4711: 为自动内联扩展选定了函数“WebPInitUpsamplers_body”
d:\sdk\libwebp-master\src\dsp\upsampling.c(263): warning C4711: 为自动内联扩展选定了函数“WebPInitUpsamplers_body”
d:\sdk\libwebp-master\src\dsp\upsampling.c(169): warning C4711: 为自动内联扩展选定了函数“WebPInitUpsamplers”
d:\sdk\libwebp-master\src\dsp\rescaler.c(205): warning C4711: 为自动内联扩展选定了函数“WebPRescalerDspInit_body”
d:\sdk\libwebp-master\src\dsp\lossless.c(185): warning C4711: 为自动内联扩展选定了函数“Predictor2_C”
d:\sdk\libwebp-master\src\dsp\lossless.c(186): warning C4711: 为自动内联扩展选定了函数“Predictor3_C”
d:\sdk\libwebp-master\src\dsp\lossless.c(187): warning C4711: 为自动内联扩展选定了函数“Predictor4_C”
d:\sdk\libwebp-master\src\dsp\lossless.c(500): warning C4711: 为自动内联扩展选定了函数“is_big_endian”
d:\sdk\libwebp-master\src\dsp\lossless.c(189): warning C4711: 为自动内联扩展选定了函数“Predictor6_C”
d:\sdk\libwebp-master\src\dsp\lossless.c(190): warning C4711: 为自动内联扩展选定了函数“Predictor7_C”
d:\sdk\libwebp-master\src\dsp\lossless.c(192): warning C4711: 为自动内联扩展选定了函数“Predictor9_C”
d:\sdk\libwebp-master\src\dsp\lossless.c(191): warning C4711: 为自动内联扩展选定了函数“Predictor8_C”
d:\sdk\libwebp-master\src\dsp\lossless.c(206): warning C4711: 为自动内联扩展选定了函数“PredictorAdd0_C”
d:\sdk\libwebp-master\src\dsp\lossless.c(188): warning C4711: 为自动内联扩展选定了函数“Predictor5_C”
d:\sdk\libwebp-master\src\dsp\lossless.c(193): warning C4711: 为自动内联扩展选定了函数“Predictor10_C”
d:\sdk\libwebp-master\src\dsp\lossless.c(500): warning C4711: 为自动内联扩展选定了函数“is_big_endian”
d:\sdk\libwebp-master\src\dsp\lossless.c(536): warning C4711: 为自动内联扩展选定了函数“CopyOrSwap”
d:\sdk\libwebp-master\src\dsp\lossless.c(500): warning C4711: 为自动内联扩展选定了函数“is_big_endian”
d:\sdk\libwebp-master\src\dsp\lossless.c(539): warning C4711: 为自动内联扩展选定了函数“CopyOrSwap”
d:\sdk\libwebp-master\src\dsp\lossless.c(206): warning C4711: 为自动内联扩展选定了函数“PredictorAdd0_C”
d:\sdk\libwebp-master\src\dsp\lossless.c(388): warning C4711: 为自动内联扩展选定了函数“PredictorInverseTransform_C”
d:\sdk\libwebp-master\src\dsp\lossless.c(397): warning C4711: 为自动内联扩展选定了函数“ColorSpaceInverseTransform_C”
d:\sdk\libwebp-master\src\dsp\filters.c(206): warning C4711: 为自动内联扩展选定了函数“HorizontalUnfilter_C”
d:\sdk\libwebp-master\src\dsp\filters.c(217): warning C4711: 为自动内联扩展选定了函数“HorizontalUnfilter_C”
d:\sdk\libwebp-master\src\dsp\filters.c(241): warning C4711: 为自动内联扩展选定了函数“VP8FiltersInit_body”
d:\sdk\libwebp-master\src\dsp\dec.c(585): warning C4711: 为自动内联扩展选定了函数“SimpleHFilter16_C”
d:\sdk\libwebp-master\src\dsp\dec.c(577): warning C4711: 为自动内联扩展选定了函数“SimpleVFilter16_C”
d:\sdk\libwebp-master\src\dsp\cpu.c(147): warning C4711: 为自动内联扩展选定了函数“CheckSlowModel”
d:\sdk\libwebp-master\src\dsp\alpha_processing.c(151): warning C4711: 为自动内联扩展选定了函数“Mult”
d:\sdk\libwebp-master\src\dsp\alpha_processing.c(152): warning C4711: 为自动内联扩展选定了函数“Mult”
d:\sdk\libwebp-master\src\dsp\alpha_processing.c(153): warning C4711: 为自动内联扩展选定了函数“Mult”
d:\sdk\libwebp-master\src\dsp\alpha_processing.c(170): warning C4711: 为自动内联扩展选定了函数“Mult”
d:\sdk\libwebp-master\src\dsp\alpha_processing.c(418): warning C4711: 为自动内联扩展选定了函数“WebPInitAlphaProcessing_body”
  webpdsp.vcxproj -> D:\sdk\libwebp-master\webp_js\webpdsp.dir\Debug\webpdsp.lib
