d:\sdk\libwebp-master\webp_js\webpdecode.dir\debug\webp_dec.obj
d:\sdk\libwebp-master\webp_js\webpdecode.dir\debug\vp8l_dec.obj
d:\sdk\libwebp-master\webp_js\webpdecode.dir\debug\vp8_dec.obj
d:\sdk\libwebp-master\webp_js\webpdecode.dir\debug\tree_dec.obj
d:\sdk\libwebp-master\webp_js\webpdecode.dir\debug\quant_dec.obj
d:\sdk\libwebp-master\webp_js\webpdecode.dir\debug\io_dec.obj
d:\sdk\libwebp-master\webp_js\webpdecode.dir\debug\idec_dec.obj
d:\sdk\libwebp-master\webp_js\webpdecode.dir\debug\frame_dec.obj
d:\sdk\libwebp-master\webp_js\webpdecode.dir\debug\buffer_dec.obj
d:\sdk\libwebp-master\webp_js\webpdecode.dir\debug\alpha_dec.obj
d:\sdk\libwebp-master\webp_js\cmakefiles\generate.stamp
d:\sdk\libwebp-master\webp_js\webpdecode.dir\debug\webpdecode.lib
d:\sdk\libwebp-master\webp_js\webpdecode.dir\debug\webpdecode.tlog\cl.command.1.tlog
d:\sdk\libwebp-master\webp_js\webpdecode.dir\debug\webpdecode.tlog\cl.read.1.tlog
d:\sdk\libwebp-master\webp_js\webpdecode.dir\debug\webpdecode.tlog\cl.write.1.tlog
d:\sdk\libwebp-master\webp_js\webpdecode.dir\debug\webpdecode.tlog\custombuild.command.1.tlog
d:\sdk\libwebp-master\webp_js\webpdecode.dir\debug\webpdecode.tlog\custombuild.read.1.tlog
d:\sdk\libwebp-master\webp_js\webpdecode.dir\debug\webpdecode.tlog\custombuild.write.1.tlog
d:\sdk\libwebp-master\webp_js\webpdecode.dir\debug\webpdecode.tlog\lib-link.read.1.tlog
d:\sdk\libwebp-master\webp_js\webpdecode.dir\debug\webpdecode.tlog\lib-link.write.1.tlog
d:\sdk\libwebp-master\webp_js\webpdecode.dir\debug\webpdecode.tlog\lib.command.1.tlog
