d:\sdk\libwebp-master\webp_js\webputilsdecode.dir\debug\utils.obj
d:\sdk\libwebp-master\webp_js\webputilsdecode.dir\debug\thread_utils.obj
d:\sdk\libwebp-master\webp_js\webputilsdecode.dir\debug\random_utils.obj
d:\sdk\libwebp-master\webp_js\webputilsdecode.dir\debug\rescaler_utils.obj
d:\sdk\libwebp-master\webp_js\webputilsdecode.dir\debug\quant_levels_dec_utils.obj
d:\sdk\libwebp-master\webp_js\webputilsdecode.dir\debug\huffman_utils.obj
d:\sdk\libwebp-master\webp_js\webputilsdecode.dir\debug\filters_utils.obj
d:\sdk\libwebp-master\webp_js\webputilsdecode.dir\debug\color_cache_utils.obj
d:\sdk\libwebp-master\webp_js\webputilsdecode.dir\debug\bit_reader_utils.obj
d:\sdk\libwebp-master\webp_js\cmakefiles\generate.stamp
d:\sdk\libwebp-master\webp_js\webputilsdecode.dir\debug\webputilsdecode.lib
d:\sdk\libwebp-master\webp_js\webputilsdecode.dir\debug\webputilsdecode.tlog\cl.command.1.tlog
d:\sdk\libwebp-master\webp_js\webputilsdecode.dir\debug\webputilsdecode.tlog\cl.read.1.tlog
d:\sdk\libwebp-master\webp_js\webputilsdecode.dir\debug\webputilsdecode.tlog\cl.write.1.tlog
d:\sdk\libwebp-master\webp_js\webputilsdecode.dir\debug\webputilsdecode.tlog\custombuild.command.1.tlog
d:\sdk\libwebp-master\webp_js\webputilsdecode.dir\debug\webputilsdecode.tlog\custombuild.read.1.tlog
d:\sdk\libwebp-master\webp_js\webputilsdecode.dir\debug\webputilsdecode.tlog\custombuild.write.1.tlog
d:\sdk\libwebp-master\webp_js\webputilsdecode.dir\debug\webputilsdecode.tlog\lib-link.read.1.tlog
d:\sdk\libwebp-master\webp_js\webputilsdecode.dir\debug\webputilsdecode.tlog\lib-link.write.1.tlog
d:\sdk\libwebp-master\webp_js\webputilsdecode.dir\debug\webputilsdecode.tlog\lib.command.1.tlog
