d:\sdk\libwebp-master\webp_js\webpdspdecode.dir\debug\yuv.obj
d:\sdk\libwebp-master\webp_js\webpdspdecode.dir\debug\upsampling.obj
d:\sdk\libwebp-master\webp_js\webpdspdecode.dir\debug\rescaler.obj
d:\sdk\libwebp-master\webp_js\webpdspdecode.dir\debug\lossless.obj
d:\sdk\libwebp-master\webp_js\webpdspdecode.dir\debug\filters.obj
d:\sdk\libwebp-master\webp_js\webpdspdecode.dir\debug\dec_clip_tables.obj
d:\sdk\libwebp-master\webp_js\webpdspdecode.dir\debug\dec.obj
d:\sdk\libwebp-master\webp_js\webpdspdecode.dir\debug\cpu.obj
d:\sdk\libwebp-master\webp_js\webpdspdecode.dir\debug\alpha_processing.obj
d:\sdk\libwebp-master\webp_js\cmakefiles\generate.stamp
d:\sdk\libwebp-master\webp_js\webpdspdecode.dir\debug\webpdspdecode.lib
d:\sdk\libwebp-master\webp_js\webpdspdecode.dir\debug\webpdspdecode.tlog\cl.command.1.tlog
d:\sdk\libwebp-master\webp_js\webpdspdecode.dir\debug\webpdspdecode.tlog\cl.read.1.tlog
d:\sdk\libwebp-master\webp_js\webpdspdecode.dir\debug\webpdspdecode.tlog\cl.write.1.tlog
d:\sdk\libwebp-master\webp_js\webpdspdecode.dir\debug\webpdspdecode.tlog\custombuild.command.1.tlog
d:\sdk\libwebp-master\webp_js\webpdspdecode.dir\debug\webpdspdecode.tlog\custombuild.read.1.tlog
d:\sdk\libwebp-master\webp_js\webpdspdecode.dir\debug\webpdspdecode.tlog\custombuild.write.1.tlog
d:\sdk\libwebp-master\webp_js\webpdspdecode.dir\debug\webpdspdecode.tlog\lib-link.read.1.tlog
d:\sdk\libwebp-master\webp_js\webpdspdecode.dir\debug\webpdspdecode.tlog\lib-link.write.1.tlog
d:\sdk\libwebp-master\webp_js\webpdspdecode.dir\debug\webpdspdecode.tlog\lib.command.1.tlog
