  Building Custom Rule D:/sdk/libwebp-master/CMakeLists.txt
  CMake does not need to re-run because D:/sdk/libwebp-master/webp_js/CMakeFiles/generate.stamp is up-to-date.
cl : 命令行 warning D9002: 忽略未知选项“-g”
  alpha_processing.c
D:\sdk\libwebp-master\src\dsp\alpha_processing.c(151): warning C4244: “函数”: 从“const uint32_t”转换到“uint8_t”，可能丢失数据
D:\sdk\libwebp-master\src\dsp\alpha_processing.c(152): warning C4244: “函数”: 从“const uint32_t”转换到“uint8_t”，可能丢失数据
D:\sdk\libwebp-master\src\dsp\alpha_processing.c(153): warning C4244: “函数”: 从“const uint32_t”转换到“uint8_t”，可能丢失数据
D:\sdk\libwebp-master\src\dsp\alpha_processing.c(170): warning C4242: “=”: 从“uint32_t”转换到“uint8_t”，可能丢失数据
D:\sdk\libwebp-master\src\dsp\alpha_processing.c(234): warning C4244: “=”: 从“const uint32_t”转换到“uint8_t”，可能丢失数据
D:\sdk\libwebp-master\src\dsp\alpha_processing.c(235): warning C4244: “=”: 从“const uint32_t”转换到“uint8_t”，可能丢失数据
D:\sdk\libwebp-master\src\dsp\alpha_processing.c(236): warning C4244: “=”: 从“const uint32_t”转换到“uint8_t”，可能丢失数据
D:\sdk\libwebp-master\src\dsp\alpha_processing.c(259): warning C4244: “return”: 从“uint32_t”转换到“uint8_t”，可能丢失数据
D:\sdk\libwebp-master\src\dsp\alpha_processing.c(272): warning C4242: “函数”: 从“const uint32_t”转换到“uint8_t”，可能丢失数据
D:\sdk\libwebp-master\src\dsp\alpha_processing.c(273): warning C4242: “函数”: 从“const uint32_t”转换到“uint8_t”，可能丢失数据
D:\sdk\libwebp-master\src\dsp\alpha_processing.c(274): warning C4242: “函数”: 从“const uint32_t”转换到“uint8_t”，可能丢失数据
D:\sdk\libwebp-master\src\dsp\alpha_processing.c(302): warning C4242: “=”: 从“const uint32_t”转换到“uint8_t”，可能丢失数据
D:\sdk\libwebp-master\src\dsp\alpha_processing.c(345): warning C4244: “=”: 从“const uint32_t”转换到“uint8_t”，可能丢失数据
  cpu.c
C:\Program Files (x86)\Microsoft Visual Studio\2017\Community\VC\Tools\MSVC\14.16.27023\include\smmintrin.h(82): warning C4668: 没有将“__cplusplus”定义为预处理器宏，用“0”替换“#if/#elif”
C:\Program Files (x86)\Microsoft Visual Studio\2017\Community\VC\Tools\MSVC\14.16.27023\include\nmmintrin.h(35): warning C4668: 没有将“__cplusplus”定义为预处理器宏，用“0”替换“#if/#elif”
C:\Program Files (x86)\Microsoft Visual Studio\2017\Community\VC\Tools\MSVC\14.16.27023\include\wmmintrin.h(34): warning C4668: 没有将“__cplusplus”定义为预处理器宏，用“0”替换“#if/#elif”
C:\Program Files (x86)\Microsoft Visual Studio\2017\Community\VC\Tools\MSVC\14.16.27023\include\ammintrin.h(251): warning C4255: “__slwpcb”: 未给出函数原型: 将“()”转换为“(void)”
  dec.c
D:\sdk\libwebp-master\src/utils/bit_reader_utils.h(147): warning C4820: “<anonymous-tag>”:“4”字节填充添加在 数据成员“eos_”后
D:\sdk\libwebp-master\src/utils/huffman_utils.h(35): warning C4820: “<anonymous-tag>”:“1”字节填充添加在 数据成员“bits”后
D:\sdk\libwebp-master\src/dec/vp8li_dec.h(71): warning C4820: “VP8LDecoder”:“4”字节填充添加在 数据成员“incremental_”后
D:\sdk\libwebp-master\src/dec/vp8i_dec.h(74): warning C4820: “<anonymous-tag>”:“1”字节填充添加在 数据成员“show_”后
D:\sdk\libwebp-master\src/dec/vp8i_dec.h(107): warning C4820: “<anonymous-tag>”:“1”字节填充添加在 数据成员“bands_”后
D:\sdk\libwebp-master\src/dec/vp8i_dec.h(157): warning C4820: “<anonymous-tag>”:“2”字节填充添加在 数据成员“uvmode_”后
D:\sdk\libwebp-master\src/dec/vp8i_dec.h(162): warning C4820: “<anonymous-tag>”:“1”字节填充添加在 数据成员“segment_”后
D:\sdk\libwebp-master\src/dec/vp8i_dec.h(229): warning C4820: “VP8Decoder”:“3”字节填充添加在 数据成员“skip_p_”后
C:\Program Files (x86)\Microsoft Visual Studio\2017\Community\VC\Tools\MSVC\14.16.27023\include\smmintrin.h(82): warning C4668: 没有将“__cplusplus”定义为预处理器宏，用“0”替换“#if/#elif”
C:\Program Files (x86)\Microsoft Visual Studio\2017\Community\VC\Tools\MSVC\14.16.27023\include\nmmintrin.h(35): warning C4668: 没有将“__cplusplus”定义为预处理器宏，用“0”替换“#if/#elif”
C:\Program Files (x86)\Microsoft Visual Studio\2017\Community\VC\Tools\MSVC\14.16.27023\include\wmmintrin.h(34): warning C4668: 没有将“__cplusplus”定义为预处理器宏，用“0”替换“#if/#elif”
C:\Program Files (x86)\Microsoft Visual Studio\2017\Community\VC\Tools\MSVC\14.16.27023\include\ammintrin.h(251): warning C4255: “__slwpcb”: 未给出函数原型: 将“()”转换为“(void)”
D:\sdk\libwebp-master\src\dsp\dec.c(23): warning C4244: “return”: 从“int”转换到“uint8_t”，可能丢失数据
D:\sdk\libwebp-master\src\dsp\dec.c(156): warning C4244: “=”: 从“const int”转换到“int16_t”，可能丢失数据
D:\sdk\libwebp-master\src\dsp\dec.c(157): warning C4244: “=”: 从“const int”转换到“int16_t”，可能丢失数据
D:\sdk\libwebp-master\src\dsp\dec.c(158): warning C4244: “=”: 从“const int”转换到“int16_t”，可能丢失数据
D:\sdk\libwebp-master\src\dsp\dec.c(159): warning C4244: “=”: 从“const int”转换到“int16_t”，可能丢失数据
D:\sdk\libwebp-master\src\dsp\dec.c(258): warning C4204: 使用了非标准扩展: 非常量聚合初始值设定项
D:\sdk\libwebp-master\src\dsp\dec.c(339): warning C4244: “=”: 从“int”转换到“uint8_t”，可能丢失数据
D:\sdk\libwebp-master\src\dsp\dec.c(340): warning C4244: “=”: 从“int”转换到“uint8_t”，可能丢失数据
D:\sdk\libwebp-master\src\dsp\dec.c(341): warning C4244: “=”: 从“int”转换到“uint8_t”，可能丢失数据
D:\sdk\libwebp-master\src\dsp\dec.c(342): warning C4244: “=”: 从“int”转换到“uint8_t”，可能丢失数据
D:\sdk\libwebp-master\src\dsp\dec.c(361): warning C4244: “=”: 从“int”转换到“uint8_t”，可能丢失数据
D:\sdk\libwebp-master\src\dsp\dec.c(362): warning C4244: “=”: 从“int”转换到“uint8_t”，可能丢失数据
D:\sdk\libwebp-master\src\dsp\dec.c(363): warning C4244: “=”: 从“int”转换到“uint8_t”，可能丢失数据
D:\sdk\libwebp-master\src\dsp\dec.c(364): warning C4244: “=”: 从“int”转换到“uint8_t”，可能丢失数据
D:\sdk\libwebp-master\src\dsp\dec.c(379): warning C4244: “=”: 从“int”转换到“uint8_t”，可能丢失数据
D:\sdk\libwebp-master\src\dsp\dec.c(380): warning C4244: “=”: 从“int”转换到“uint8_t”，可能丢失数据
D:\sdk\libwebp-master\src\dsp\dec.c(381): warning C4244: “=”: 从“int”转换到“uint8_t”，可能丢失数据
D:\sdk\libwebp-master\src\dsp\dec.c(386): warning C4242: “=”: 从“const int”转换到“uint8_t”，可能丢失数据
D:\sdk\libwebp-master\src\dsp\dec.c(399): warning C4244: “=”: 从“int”转换到“uint8_t”，可能丢失数据
D:\sdk\libwebp-master\src\dsp\dec.c(400): warning C4244: “=”: 从“int”转换到“uint8_t”，可能丢失数据
D:\sdk\libwebp-master\src\dsp\dec.c(401): warning C4244: “=”: 从“int”转换到“uint8_t”，可能丢失数据
D:\sdk\libwebp-master\src\dsp\dec.c(402): warning C4244: “=”: 从“int”转换到“uint8_t”，可能丢失数据
D:\sdk\libwebp-master\src\dsp\dec.c(451): warning C4244: “函数”: 从“int”转换到“uint8_t”，可能丢失数据
D:\sdk\libwebp-master\src\dsp\dec.c(460): warning C4244: “函数”: 从“int”转换到“uint8_t”，可能丢失数据
D:\sdk\libwebp-master\src\dsp\dec.c(469): warning C4244: “函数”: 从“int”转换到“uint8_t”，可能丢失数据
  dec_clip_tables.c
  filters.c
  lossless.c
D:\sdk\libwebp-master\src/utils/bit_reader_utils.h(147): warning C4820: “<anonymous-tag>”:“4”字节填充添加在 数据成员“eos_”后
D:\sdk\libwebp-master\src/utils/huffman_utils.h(35): warning C4820: “<anonymous-tag>”:“1”字节填充添加在 数据成员“bits”后
D:\sdk\libwebp-master\src/dec/vp8li_dec.h(71): warning C4820: “VP8LDecoder”:“4”字节填充添加在 数据成员“incremental_”后
D:\sdk\libwebp-master\src/enc/backward_references_enc.h(42): warning C4820: “<anonymous-tag>”:“1”字节填充添加在 数据成员“mode”后
D:\sdk\libwebp-master\src/enc/histogram_enc.h(43): warning C4820: “<anonymous-tag>”:“4”字节填充添加在 数据成员“trivial_symbol_”后
D:\sdk\libwebp-master\src/enc/histogram_enc.h(48): warning C4820: “<anonymous-tag>”:“3”字节填充添加在 数据成员“is_used_”后
C:\Program Files (x86)\Microsoft Visual Studio\2017\Community\VC\Tools\MSVC\14.16.27023\include\smmintrin.h(82): warning C4668: 没有将“__cplusplus”定义为预处理器宏，用“0”替换“#if/#elif”
C:\Program Files (x86)\Microsoft Visual Studio\2017\Community\VC\Tools\MSVC\14.16.27023\include\nmmintrin.h(35): warning C4668: 没有将“__cplusplus”定义为预处理器宏，用“0”替换“#if/#elif”
C:\Program Files (x86)\Microsoft Visual Studio\2017\Community\VC\Tools\MSVC\14.16.27023\include\wmmintrin.h(34): warning C4668: 没有将“__cplusplus”定义为预处理器宏，用“0”替换“#if/#elif”
C:\Program Files (x86)\Microsoft Visual Studio\2017\Community\VC\Tools\MSVC\14.16.27023\include\ammintrin.h(251): warning C4255: “__slwpcb”: 未给出函数原型: 将“()”转换为“(void)”
  rescaler.c
D:\sdk\libwebp-master\src\dsp\rescaler.c(181): warning C4242: “=”: 从“rescaler_t”转换到“uint8_t”，可能丢失数据
  upsampling.c
D:\sdk\libwebp-master\src/dsp/yuv.h(81): warning C4242: “=”: 从“int”转换到“uint8_t”，可能丢失数据
D:\sdk\libwebp-master\src/dsp/yuv.h(82): warning C4242: “=”: 从“int”转换到“uint8_t”，可能丢失数据
D:\sdk\libwebp-master\src/dsp/yuv.h(83): warning C4242: “=”: 从“int”转换到“uint8_t”，可能丢失数据
D:\sdk\libwebp-master\src/dsp/yuv.h(88): warning C4242: “=”: 从“int”转换到“uint8_t”，可能丢失数据
D:\sdk\libwebp-master\src/dsp/yuv.h(89): warning C4242: “=”: 从“int”转换到“uint8_t”，可能丢失数据
D:\sdk\libwebp-master\src/dsp/yuv.h(90): warning C4242: “=”: 从“int”转换到“uint8_t”，可能丢失数据
D:\sdk\libwebp-master\src/dsp/yuv.h(104): warning C4242: “=”: 从“const int”转换到“uint8_t”，可能丢失数据
D:\sdk\libwebp-master\src/dsp/yuv.h(105): warning C4242: “=”: 从“const int”转换到“uint8_t”，可能丢失数据
D:\sdk\libwebp-master\src/dsp/yuv.h(120): warning C4242: “=”: 从“const int”转换到“uint8_t”，可能丢失数据
D:\sdk\libwebp-master\src/dsp/yuv.h(121): warning C4242: “=”: 从“const int”转换到“uint8_t”，可能丢失数据
D:\sdk\libwebp-master\src\dsp\upsampling.c(97): warning C4244: “函数”: 从“const uint32_t”转换到“uint8_t”，可能丢失数据
D:\sdk\libwebp-master\src\dsp\upsampling.c(98): warning C4244: “函数”: 从“const uint32_t”转换到“uint8_t”，可能丢失数据
D:\sdk\libwebp-master\src\dsp\upsampling.c(100): warning C4244: “函数”: 从“const uint32_t”转换到“uint8_t”，可能丢失数据
  yuv.c
D:\sdk\libwebp-master\src/dsp/yuv.h(81): warning C4242: “=”: 从“int”转换到“uint8_t”，可能丢失数据
D:\sdk\libwebp-master\src/dsp/yuv.h(82): warning C4242: “=”: 从“int”转换到“uint8_t”，可能丢失数据
D:\sdk\libwebp-master\src/dsp/yuv.h(83): warning C4242: “=”: 从“int”转换到“uint8_t”，可能丢失数据
D:\sdk\libwebp-master\src/dsp/yuv.h(88): warning C4242: “=”: 从“int”转换到“uint8_t”，可能丢失数据
D:\sdk\libwebp-master\src/dsp/yuv.h(89): warning C4242: “=”: 从“int”转换到“uint8_t”，可能丢失数据
D:\sdk\libwebp-master\src/dsp/yuv.h(90): warning C4242: “=”: 从“int”转换到“uint8_t”，可能丢失数据
D:\sdk\libwebp-master\src/dsp/yuv.h(104): warning C4242: “=”: 从“const int”转换到“uint8_t”，可能丢失数据
D:\sdk\libwebp-master\src/dsp/yuv.h(105): warning C4242: “=”: 从“const int”转换到“uint8_t”，可能丢失数据
D:\sdk\libwebp-master\src/dsp/yuv.h(120): warning C4242: “=”: 从“const int”转换到“uint8_t”，可能丢失数据
D:\sdk\libwebp-master\src/dsp/yuv.h(121): warning C4242: “=”: 从“const int”转换到“uint8_t”，可能丢失数据
D:\sdk\libwebp-master\src\dsp\yuv.c(124): warning C4242: “=”: 从“int”转换到“uint8_t”，可能丢失数据
D:\sdk\libwebp-master\src\dsp\yuv.c(144): warning C4242: “=”: 从“const int”转换到“uint8_t”，可能丢失数据
D:\sdk\libwebp-master\src\dsp\yuv.c(145): warning C4242: “=”: 从“const int”转换到“uint8_t”，可能丢失数据
D:\sdk\libwebp-master\src\dsp\yuv.c(148): warning C4244: “=”: 从“int”转换到“uint8_t”，可能丢失数据
D:\sdk\libwebp-master\src\dsp\yuv.c(149): warning C4244: “=”: 从“int”转换到“uint8_t”，可能丢失数据
D:\sdk\libwebp-master\src\dsp\yuv.c(160): warning C4242: “=”: 从“const int”转换到“uint8_t”，可能丢失数据
D:\sdk\libwebp-master\src\dsp\yuv.c(161): warning C4242: “=”: 从“const int”转换到“uint8_t”，可能丢失数据
D:\sdk\libwebp-master\src\dsp\yuv.c(163): warning C4244: “=”: 从“int”转换到“uint8_t”，可能丢失数据
D:\sdk\libwebp-master\src\dsp\yuv.c(164): warning C4244: “=”: 从“int”转换到“uint8_t”，可能丢失数据
D:\sdk\libwebp-master\src\dsp\yuv.c(174): warning C4242: “=”: 从“int”转换到“uint8_t”，可能丢失数据
D:\sdk\libwebp-master\src\dsp\yuv.c(181): warning C4242: “=”: 从“int”转换到“uint8_t”，可能丢失数据
D:\sdk\libwebp-master\src\dsp\yuv.c(190): warning C4242: “=”: 从“int”转换到“uint8_t”，可能丢失数据
D:\sdk\libwebp-master\src\dsp\yuv.c(191): warning C4242: “=”: 从“int”转换到“uint8_t”，可能丢失数据
D:\sdk\libwebp-master\src\dsp\yuv.c(221): warning C4242: “+=”: 从“const int”转换到“int16_t”，可能丢失数据
  正在生成代码...
d:\sdk\libwebp-master\src\dsp\yuv.c(210): warning C4711: 为自动内联扩展选定了函数“clip_y”
d:\sdk\libwebp-master\src\dsp\yuv.c(231): warning C4711: 为自动内联扩展选定了函数“clip_y”
d:\sdk\libwebp-master\src\dsp\yuv.c(232): warning C4711: 为自动内联扩展选定了函数“clip_y”
d:\sdk\libwebp-master\src\dsp\yuv.c(263): warning C4711: 为自动内联扩展选定了函数“WebPInitConvertARGBToYUV_body”
d:\sdk\libwebp-master\src\dsp\yuv.c(78): warning C4711: 为自动内联扩展选定了函数“WebPInitSamplers_body”
d:\sdk\libwebp-master\src\dsp\upsampling.c(222): warning C4711: 为自动内联扩展选定了函数“WebPInitYUV444Converters_body”
d:\sdk\libwebp-master\src\dsp\upsampling.c(263): warning C4711: 为自动内联扩展选定了函数“WebPInitUpsamplers_body”
d:\sdk\libwebp-master\src\dsp\upsampling.c(263): warning C4711: 为自动内联扩展选定了函数“WebPInitUpsamplers_body”
d:\sdk\libwebp-master\src\dsp\upsampling.c(169): warning C4711: 为自动内联扩展选定了函数“WebPInitUpsamplers”
d:\sdk\libwebp-master\src\dsp\rescaler.c(205): warning C4711: 为自动内联扩展选定了函数“WebPRescalerDspInit_body”
d:\sdk\libwebp-master\src\dsp\lossless.c(185): warning C4711: 为自动内联扩展选定了函数“Predictor2_C”
d:\sdk\libwebp-master\src\dsp\lossless.c(186): warning C4711: 为自动内联扩展选定了函数“Predictor3_C”
d:\sdk\libwebp-master\src\dsp\lossless.c(187): warning C4711: 为自动内联扩展选定了函数“Predictor4_C”
d:\sdk\libwebp-master\src\dsp\lossless.c(500): warning C4711: 为自动内联扩展选定了函数“is_big_endian”
d:\sdk\libwebp-master\src\dsp\lossless.c(189): warning C4711: 为自动内联扩展选定了函数“Predictor6_C”
d:\sdk\libwebp-master\src\dsp\lossless.c(190): warning C4711: 为自动内联扩展选定了函数“Predictor7_C”
d:\sdk\libwebp-master\src\dsp\lossless.c(191): warning C4711: 为自动内联扩展选定了函数“Predictor8_C”
d:\sdk\libwebp-master\src\dsp\lossless.c(192): warning C4711: 为自动内联扩展选定了函数“Predictor9_C”
d:\sdk\libwebp-master\src\dsp\lossless.c(206): warning C4711: 为自动内联扩展选定了函数“PredictorAdd0_C”
d:\sdk\libwebp-master\src\dsp\lossless.c(188): warning C4711: 为自动内联扩展选定了函数“Predictor5_C”
d:\sdk\libwebp-master\src\dsp\lossless.c(193): warning C4711: 为自动内联扩展选定了函数“Predictor10_C”
d:\sdk\libwebp-master\src\dsp\lossless.c(500): warning C4711: 为自动内联扩展选定了函数“is_big_endian”
d:\sdk\libwebp-master\src\dsp\lossless.c(536): warning C4711: 为自动内联扩展选定了函数“CopyOrSwap”
d:\sdk\libwebp-master\src\dsp\lossless.c(500): warning C4711: 为自动内联扩展选定了函数“is_big_endian”
d:\sdk\libwebp-master\src\dsp\lossless.c(539): warning C4711: 为自动内联扩展选定了函数“CopyOrSwap”
d:\sdk\libwebp-master\src\dsp\lossless.c(206): warning C4711: 为自动内联扩展选定了函数“PredictorAdd0_C”
d:\sdk\libwebp-master\src\dsp\lossless.c(388): warning C4711: 为自动内联扩展选定了函数“PredictorInverseTransform_C”
d:\sdk\libwebp-master\src\dsp\lossless.c(397): warning C4711: 为自动内联扩展选定了函数“ColorSpaceInverseTransform_C”
d:\sdk\libwebp-master\src\dsp\filters.c(206): warning C4711: 为自动内联扩展选定了函数“HorizontalUnfilter_C”
d:\sdk\libwebp-master\src\dsp\filters.c(217): warning C4711: 为自动内联扩展选定了函数“HorizontalUnfilter_C”
d:\sdk\libwebp-master\src\dsp\filters.c(241): warning C4711: 为自动内联扩展选定了函数“VP8FiltersInit_body”
d:\sdk\libwebp-master\src\dsp\dec.c(577): warning C4711: 为自动内联扩展选定了函数“SimpleVFilter16_C”
d:\sdk\libwebp-master\src\dsp\dec.c(585): warning C4711: 为自动内联扩展选定了函数“SimpleHFilter16_C”
d:\sdk\libwebp-master\src\dsp\alpha_processing.c(170): warning C4711: 为自动内联扩展选定了函数“Mult”
d:\sdk\libwebp-master\src\dsp\alpha_processing.c(151): warning C4711: 为自动内联扩展选定了函数“Mult”
d:\sdk\libwebp-master\src\dsp\alpha_processing.c(152): warning C4711: 为自动内联扩展选定了函数“Mult”
d:\sdk\libwebp-master\src\dsp\alpha_processing.c(153): warning C4711: 为自动内联扩展选定了函数“Mult”
d:\sdk\libwebp-master\src\dsp\alpha_processing.c(418): warning C4711: 为自动内联扩展选定了函数“WebPInitAlphaProcessing_body”
  webpdspdecode.vcxproj -> D:\sdk\libwebp-master\webp_js\webpdspdecode.dir\Debug\webpdspdecode.lib
